<?xml version="1.0" encoding="UTF-8"?>
<!-- Generated by org.testng.reporters.JUnitReportReporter -->
<testsuite hostname="BPLT11422" name="Test.IAT_ItemBankSuite_Teacher" tests="1" failures="0" timestamp="6 Oct 2014 16:42:01 GMT" time="99.742" errors="0">
  <testcase name="TC_Item_HideComment_Teacher" time="99.742" classname="Test.IAT_ItemBankSuite_Teacher"/>
</testsuite> <!-- Test.IAT_ItemBankSuite_Teacher -->
