<?xml version="1.0" encoding="UTF-8"?>
<!-- Generated by org.testng.reporters.JUnitReportReporter -->
<testsuite hostname="BPLT11422" name="Test.IAT_Pagination_State" tests="1" failures="0" timestamp="1 Oct 2014 18:33:49 GMT" time="131.872" errors="0">
  <testcase name="TC_CreateTess_Pagina_State" time="131.872" classname="Test.IAT_Pagination_State"/>
</testsuite> <!-- Test.IAT_Pagination_State -->
