<?xml version="1.0" encoding="UTF-8"?>
<!-- Generated by org.testng.reporters.JUnitReportReporter -->
<testsuite hostname="BPLT11422" name="Test.IAT_StudentGroup_EPM" tests="4" failures="0" timestamp="29 Sep 2014 17:32:21 GMT" time="766.673" errors="0">
  <testcase name="TC_SG_ValidationMessages" time="43.176" classname="Test.IAT_StudentGroup_EPM"/>
  <testcase name="TC_SG_ValidationMessages" time="50.385" classname="Test.IAT_StudentGroup_EPM"/>
  <testcase name="TC_CreateStudentGroup_EPM" time="483.131" classname="Test.IAT_StudentGroup_EPM"/>
  <testcase name="TC_CreateStudentGroup_EPM" time="189.981" classname="Test.IAT_StudentGroup_EPM"/>
</testsuite> <!-- Test.IAT_StudentGroup_EPM -->
