<?xml version="1.0" encoding="UTF-8"?>
<!-- Generated by org.testng.reporters.JUnitReportReporter -->
<testsuite hostname="BPLT11422" name="Test.IAT_ItemBankSuite_School" tests="2" failures="0" timestamp="6 Oct 2014 16:08:42 GMT" time="235.967" errors="0">
  <testcase name="TC_Item_HideComment_School" time="110.563" classname="Test.IAT_ItemBankSuite_School"/>
  <testcase name="TC_Passa_HideComment_School" time="125.404" classname="Test.IAT_ItemBankSuite_School"/>
</testsuite> <!-- Test.IAT_ItemBankSuite_School -->
