<?xml version="1.0" encoding="UTF-8"?>
<!-- Generated by org.testng.reporters.JUnitReportReporter -->
<testsuite hostname="BPLT11422" name="Test.IAT_StudentGroup_District" tests="1" failures="0" timestamp="15 Sep 2014 18:18:34 GMT" time="149.338" errors="0">
  <testcase name="TC_SG_ValidationMessages_Distri" time="149.338" classname="Test.IAT_StudentGroup_District"/>
</testsuite> <!-- Test.IAT_StudentGroup_District -->
