<?xml version="1.0" encoding="UTF-8"?>
<!-- Generated by org.testng.reporters.JUnitReportReporter -->
<testsuite hostname="BPLT11422" name="Test.IAT_StudentGroup_State" tests="1" failures="0" timestamp="22 Sep 2014 18:46:03 GMT" time="92.546" errors="0">
  <testcase name="TC_CreateStudentGroup_State" time="92.546" classname="Test.IAT_StudentGroup_State"/>
</testsuite> <!-- Test.IAT_StudentGroup_State -->
