<?xml version="1.0" encoding="UTF-8"?>
<!-- Generated by org.testng.reporters.JUnitReportReporter -->
<testsuite hostname="BPLT11422" name="Test.IAT_StudentGroup_Teacher" tests="1" failures="0" timestamp="14 Sep 2014 08:45:19 GMT" time="208.147" errors="0">
  <testcase name="TC_InactivateStudentGroup_Teach" time="208.147" classname="Test.IAT_StudentGroup_Teacher"/>
</testsuite> <!-- Test.IAT_StudentGroup_Teacher -->
