<?xml version="1.0" encoding="UTF-8"?>
<!-- Generated by org.testng.reporters.JUnitReportReporter -->
<testsuite hostname="BPLT11422" name="Test.IAT_Pagination_Teacher" tests="1" failures="0" timestamp="1 Oct 2014 19:02:18 GMT" time="72.132" errors="0">
  <testcase name="TC_ItemBank_Passages_Paginat_Te" time="72.132" classname="Test.IAT_Pagination_Teacher"/>
</testsuite> <!-- Test.IAT_Pagination_Teacher -->
