<?xml version="1.0" encoding="UTF-8"?>
<!-- Generated by org.testng.reporters.JUnitReportReporter -->
<testsuite hostname="BPLT11422" name="Test.IAT_ItemBankSuite_Teacher" tests="3" failures="0" timestamp="9 Jun 2014 03:27:28 GMT" time="1.956" errors="0">
  <testcase name="TC_PassageSearch_NoData_Teacher" time="0.990" classname="Test.IAT_ItemBankSuite_Teacher"/>
  <testcase name="TC_PassageSearch_NoData_Teacher" time="0.504" classname="Test.IAT_ItemBankSuite_Teacher"/>
  <testcase name="TC_PassageSearch_NoData_Teacher" time="0.462" classname="Test.IAT_ItemBankSuite_Teacher"/>
</testsuite> <!-- Test.IAT_ItemBankSuite_Teacher -->
