<?xml version="1.0" encoding="UTF-8"?>
<!-- Generated by org.testng.reporters.JUnitReportReporter -->
<testsuite hostname="BPLT11422" name="Reflection.NewTest" tests="1" failures="0" timestamp="11 Jun 2014 18:29:31 GMT" time="0.009" errors="0">
  <testcase name="f" time="0.009" classname="Reflection.NewTest"/>
</testsuite> <!-- Reflection.NewTest -->
