<?xml version="1.0" encoding="UTF-8"?>
<!-- Generated by org.testng.reporters.JUnitReportReporter -->
<testsuite hostname="BPLT11422" name="Test.Andy" tests="3" failures="0" timestamp="9 Jun 2014 03:27:28 GMT" time="1.628" errors="0">
  <testcase name="Andy" time="0.572" classname="Test.Andy"/>
  <testcase name="Andy" time="0.528" classname="Test.Andy"/>
  <testcase name="Andy" time="0.528" classname="Test.Andy"/>
</testsuite> <!-- Test.Andy -->
