<?xml version="1.0" encoding="UTF-8"?>
<!-- Generated by org.testng.reporters.JUnitReportReporter -->
<testsuite hostname="BPLT11422" name="ReflectionTest" tests="1" failures="0" timestamp="16 Sep 2014 20:17:58 GMT" time="0.014" errors="0">
  <testcase name="f" time="0.014" classname="ReflectionTest"/>
</testsuite> <!-- ReflectionTest -->
