<?xml version="1.0" encoding="UTF-8"?>
<!-- Generated by org.testng.reporters.JUnitReportReporter -->
<testsuite hostname="BPLT11422" name="Debug.NewTest" tests="1" failures="0" timestamp="10 Jun 2014 16:22:19 GMT" time="0.015" errors="0">
  <testcase name="f" time="0.015" classname="Debug.NewTest"/>
</testsuite> <!-- Debug.NewTest -->
