<?xml version="1.0" encoding="UTF-8"?>
<!-- Generated by org.testng.reporters.JUnitReportReporter -->
<testsuite hostname="BPLT11422" name="Debug.NewTest2" tests="1" failures="0" timestamp="10 Jun 2014 16:43:08 GMT" time="0.005" errors="0">
  <testcase name="f" time="0.005" classname="Debug.NewTest2"/>
</testsuite> <!-- Debug.NewTest2 -->
