<?xml version="1.0" encoding="UTF-8"?>
<!-- Generated by org.testng.reporters.JUnitReportReporter -->
<testsuite hostname="BPLT11422" name="Reflection.ReflectionTest" tests="1" failures="0" timestamp="19 May 2014 03:04:11 GMT" time="0.012" errors="0">
  <testcase name="f" time="0.012" classname="Reflection.ReflectionTest"/>
</testsuite> <!-- Reflection.ReflectionTest -->
