<?xml version="1.0" encoding="UTF-8"?>
<!-- Generated by org.testng.reporters.JUnitReportReporter -->
<testsuite hostname="BPLT11422" name="ReflectionTest" tests="1" failures="0" timestamp="8 Oct 2014 23:55:56 GMT" time="0.007" errors="0">
  <testcase name="f" time="0.007" classname="ReflectionTest"/>
</testsuite>
